=== puma startup: 2021-03-13 08:35:01 +0000 ===
=== puma startup: 2021-03-13 08:58:24 +0000 ===
=== puma startup: 2021-03-13 08:58:24 +0000 ===
=== puma startup: 2021-03-13 08:58:25 +0000 ===
=== puma startup: 2021-03-13 08:58:25 +0000 ===
=== puma startup: 2021-03-13 12:57:35 +0000 ===
/home/prio/.rbenv/versions/2.6.3/lib/ruby/gems/2.6.0/gems/activesupport-6.0.3.5/lib/active_support/dependencies.rb:324:in `require': cannot load such file -- config/puma.rb (LoadError)
	from /home/prio/.rbenv/versions/2.6.3/lib/ruby/gems/2.6.0/gems/activesupport-6.0.3.5/lib/active_support/dependencies.rb:324:in `block in require'
	from /home/prio/.rbenv/versions/2.6.3/lib/ruby/gems/2.6.0/gems/activesupport-6.0.3.5/lib/active_support/dependencies.rb:291:in `load_dependency'
	from /home/prio/.rbenv/versions/2.6.3/lib/ruby/gems/2.6.0/gems/activesupport-6.0.3.5/lib/active_support/dependencies.rb:324:in `require'
	from /home/prio/.rbenv/versions/2.6.3/lib/ruby/gems/2.6.0/gems/rack-2.2.3/lib/rack/builder.rb:68:in `parse_file'
	from /home/prio/.rbenv/versions/2.6.3/lib/ruby/gems/2.6.0/gems/puma-4.3.7/lib/puma/configuration.rb:321:in `load_rackup'
	from /home/prio/.rbenv/versions/2.6.3/lib/ruby/gems/2.6.0/gems/puma-4.3.7/lib/puma/configuration.rb:246:in `app'
	from /home/prio/.rbenv/versions/2.6.3/lib/ruby/gems/2.6.0/gems/puma-4.3.7/lib/puma/runner.rb:165:in `app'
	from /home/prio/.rbenv/versions/2.6.3/lib/ruby/gems/2.6.0/gems/puma-4.3.7/lib/puma/runner.rb:172:in `start_server'
	from /home/prio/.rbenv/versions/2.6.3/lib/ruby/gems/2.6.0/gems/puma-4.3.7/lib/puma/cluster.rb:269:in `worker'
	from /home/prio/.rbenv/versions/2.6.3/lib/ruby/gems/2.6.0/gems/puma-4.3.7/lib/puma/cluster.rb:138:in `block (2 levels) in spawn_workers'
	from /home/prio/.rbenv/versions/2.6.3/lib/ruby/gems/2.6.0/gems/puma-4.3.7/lib/puma/cluster.rb:138:in `fork'
	from /home/prio/.rbenv/versions/2.6.3/lib/ruby/gems/2.6.0/gems/puma-4.3.7/lib/puma/cluster.rb:138:in `block in spawn_workers'
	from /home/prio/.rbenv/versions/2.6.3/lib/ruby/gems/2.6.0/gems/puma-4.3.7/lib/puma/cluster.rb:134:in `times'
	from /home/prio/.rbenv/versions/2.6.3/lib/ruby/gems/2.6.0/gems/puma-4.3.7/lib/puma/cluster.rb:134:in `spawn_workers'
	from /home/prio/.rbenv/versions/2.6.3/lib/ruby/gems/2.6.0/gems/puma-4.3.7/lib/puma/cluster.rb:204:in `check_workers'
	from /home/prio/.rbenv/versions/2.6.3/lib/ruby/gems/2.6.0/gems/puma-4.3.7/lib/puma/cluster.rb:487:in `run'
	from /home/prio/.rbenv/versions/2.6.3/lib/ruby/gems/2.6.0/gems/puma-4.3.7/lib/puma/launcher.rb:172:in `run'
	from /home/prio/.rbenv/versions/2.6.3/lib/ruby/gems/2.6.0/gems/puma-4.3.7/lib/puma/cli.rb:80:in `run'
	from /home/prio/.rbenv/versions/2.6.3/lib/ruby/gems/2.6.0/gems/puma-4.3.7/bin/puma:10:in `<top (required)>'
	from /home/prio/.rbenv/versions/2.6.3/bin/puma:23:in `load'
	from /home/prio/.rbenv/versions/2.6.3/bin/puma:23:in `<top (required)>'
	from /home/prio/.rbenv/versions/2.6.3/lib/ruby/site_ruby/2.6.0/bundler/cli/exec.rb:63:in `load'
	from /home/prio/.rbenv/versions/2.6.3/lib/ruby/site_ruby/2.6.0/bundler/cli/exec.rb:63:in `kernel_load'
	from /home/prio/.rbenv/versions/2.6.3/lib/ruby/site_ruby/2.6.0/bundler/cli/exec.rb:28:in `run'
	from /home/prio/.rbenv/versions/2.6.3/lib/ruby/site_ruby/2.6.0/bundler/cli.rb:494:in `exec'
	from /home/prio/.rbenv/versions/2.6.3/lib/ruby/site_ruby/2.6.0/bundler/vendor/thor/lib/thor/command.rb:27:in `run'
	from /home/prio/.rbenv/versions/2.6.3/lib/ruby/site_ruby/2.6.0/bundler/vendor/thor/lib/thor/invocation.rb:127:in `invoke_command'
	from /home/prio/.rbenv/versions/2.6.3/lib/ruby/site_ruby/2.6.0/bundler/vendor/thor/lib/thor.rb:392:in `dispatch'
	from /home/prio/.rbenv/versions/2.6.3/lib/ruby/site_ruby/2.6.0/bundler/cli.rb:30:in `dispatch'
	from /home/prio/.rbenv/versions/2.6.3/lib/ruby/site_ruby/2.6.0/bundler/vendor/thor/lib/thor/base.rb:485:in `start'
	from /home/prio/.rbenv/versions/2.6.3/lib/ruby/site_ruby/2.6.0/bundler/cli.rb:24:in `start'
	from /home/prio/.rbenv/versions/2.6.3/lib/ruby/gems/2.6.0/gems/bundler-2.2.7/exe/bundle:49:in `block in <top (required)>'
	from /home/prio/.rbenv/versions/2.6.3/lib/ruby/site_ruby/2.6.0/bundler/friendly_errors.rb:130:in `with_friendly_errors'
	from /home/prio/.rbenv/versions/2.6.3/lib/ruby/gems/2.6.0/gems/bundler-2.2.7/exe/bundle:37:in `<top (required)>'
	from /home/prio/.rbenv/versions/2.6.3/bin/bundle:23:in `load'
	from /home/prio/.rbenv/versions/2.6.3/bin/bundle:23:in `<main>'
/home/prio/.rbenv/versions/2.6.3/lib/ruby/gems/2.6.0/gems/activesupport-6.0.3.5/lib/active_support/dependencies.rb:324:in `require': cannot load such file -- config/puma.rb (LoadError)
	from /home/prio/.rbenv/versions/2.6.3/lib/ruby/gems/2.6.0/gems/activesupport-6.0.3.5/lib/active_support/dependencies.rb:324:in `block in require'
	from /home/prio/.rbenv/versions/2.6.3/lib/ruby/gems/2.6.0/gems/activesupport-6.0.3.5/lib/active_support/dependencies.rb:291:in `load_dependency'
	from /home/prio/.rbenv/versions/2.6.3/lib/ruby/gems/2.6.0/gems/activesupport-6.0.3.5/lib/active_support/dependencies.rb:324:in `require'
	from /home/prio/.rbenv/versions/2.6.3/lib/ruby/gems/2.6.0/gems/rack-2.2.3/lib/rack/builder.rb:68:in `parse_file'
	from /home/prio/.rbenv/versions/2.6.3/lib/ruby/gems/2.6.0/gems/puma-4.3.7/lib/puma/configuration.rb:321:in `load_rackup'
	from /home/prio/.rbenv/versions/2.6.3/lib/ruby/gems/2.6.0/gems/puma-4.3.7/lib/puma/configuration.rb:246:in `app'
	from /home/prio/.rbenv/versions/2.6.3/lib/ruby/gems/2.6.0/gems/puma-4.3.7/lib/puma/runner.rb:165:in `app'
	from /home/prio/.rbenv/versions/2.6.3/lib/ruby/gems/2.6.0/gems/puma-4.3.7/lib/puma/runner.rb:172:in `start_server'
	from /home/prio/.rbenv/versions/2.6.3/lib/ruby/gems/2.6.0/gems/puma-4.3.7/lib/puma/cluster.rb:269:in `worker'
	from /home/prio/.rbenv/versions/2.6.3/lib/ruby/gems/2.6.0/gems/puma-4.3.7/lib/puma/cluster.rb:138:in `block (2 levels) in spawn_workers'
	from /home/prio/.rbenv/versions/2.6.3/lib/ruby/gems/2.6.0/gems/puma-4.3.7/lib/puma/cluster.rb:138:in `fork'
	from /home/prio/.rbenv/versions/2.6.3/lib/ruby/gems/2.6.0/gems/puma-4.3.7/lib/puma/cluster.rb:138:in `block in spawn_workers'
	from /home/prio/.rbenv/versions/2.6.3/lib/ruby/gems/2.6.0/gems/puma-4.3.7/lib/puma/cluster.rb:134:in `times'
	from /home/prio/.rbenv/versions/2.6.3/lib/ruby/gems/2.6.0/gems/puma-4.3.7/lib/puma/cluster.rb:134:in `spawn_workers'
	from /home/prio/.rbenv/versions/2.6.3/lib/ruby/gems/2.6.0/gems/puma-4.3.7/lib/puma/cluster.rb:204:in `check_workers'
	from /home/prio/.rbenv/versions/2.6.3/lib/ruby/gems/2.6.0/gems/puma-4.3.7/lib/puma/cluster.rb:487:in `run'
	from /home/prio/.rbenv/versions/2.6.3/lib/ruby/gems/2.6.0/gems/puma-4.3.7/lib/puma/launcher.rb:172:in `run'
	from /home/prio/.rbenv/versions/2.6.3/lib/ruby/gems/2.6.0/gems/puma-4.3.7/lib/puma/cli.rb:80:in `run'
	from /home/prio/.rbenv/versions/2.6.3/lib/ruby/gems/2.6.0/gems/puma-4.3.7/bin/puma:10:in `<top (required)>'
	from /home/prio/.rbenv/versions/2.6.3/bin/puma:23:in `load'
	from /home/prio/.rbenv/versions/2.6.3/bin/puma:23:in `<top (required)>'
	from /home/prio/.rbenv/versions/2.6.3/lib/ruby/site_ruby/2.6.0/bundler/cli/exec.rb:63:in `load'
	from /home/prio/.rbenv/versions/2.6.3/lib/ruby/site_ruby/2.6.0/bundler/cli/exec.rb:63:in `kernel_load'
	from /home/prio/.rbenv/versions/2.6.3/lib/ruby/site_ruby/2.6.0/bundler/cli/exec.rb:28:in `run'
	from /home/prio/.rbenv/versions/2.6.3/lib/ruby/site_ruby/2.6.0/bundler/cli.rb:494:in `exec'
	from /home/prio/.rbenv/versions/2.6.3/lib/ruby/site_ruby/2.6.0/bundler/vendor/thor/lib/thor/command.rb:27:in `run'
	from /home/prio/.rbenv/versions/2.6.3/lib/ruby/site_ruby/2.6.0/bundler/vendor/thor/lib/thor/invocation.rb:127:in `invoke_command'
	from /home/prio/.rbenv/versions/2.6.3/lib/ruby/site_ruby/2.6.0/bundler/vendor/thor/lib/thor.rb:392:in `dispatch'
	from /home/prio/.rbenv/versions/2.6.3/lib/ruby/site_ruby/2.6.0/bundler/cli.rb:30:in `dispatch'
	from /home/prio/.rbenv/versions/2.6.3/lib/ruby/site_ruby/2.6.0/bundler/vendor/thor/lib/thor/base.rb:485:in `start'
	from /home/prio/.rbenv/versions/2.6.3/lib/ruby/site_ruby/2.6.0/bundler/cli.rb:24:in `start'
	from /home/prio/.rbenv/versions/2.6.3/lib/ruby/gems/2.6.0/gems/bundler-2.2.7/exe/bundle:49:in `block in <top (required)>'
	from /home/prio/.rbenv/versions/2.6.3/lib/ruby/site_ruby/2.6.0/bundler/friendly_errors.rb:130:in `with_friendly_errors'
	from /home/prio/.rbenv/versions/2.6.3/lib/ruby/gems/2.6.0/gems/bundler-2.2.7/exe/bundle:37:in `<top (required)>'
	from /home/prio/.rbenv/versions/2.6.3/bin/bundle:23:in `load'
	from /home/prio/.rbenv/versions/2.6.3/bin/bundle:23:in `<main>'
=== puma startup: 2021-03-13 13:04:39 +0000 ===
=== puma startup: 2021-03-13 13:43:35 +0000 ===
=== puma startup: 2021-03-13 16:16:22 +0000 ===
=== puma startup: 2021-03-13 16:36:40 +0000 ===
